\BOOKMARK [0][-]{chapter.1}{Introduction}{}% 1
\BOOKMARK [1][-]{section.1.1}{Intelligent Robotics}{chapter.1}% 2
\BOOKMARK [1][-]{section.1.2}{Self-organization}{chapter.1}% 3
\BOOKMARK [1][-]{section.1.3}{Internal model}{chapter.1}% 4
\BOOKMARK [1][-]{section.1.4}{Background}{chapter.1}% 5
\BOOKMARK [1][-]{section.1.5}{Motivation}{chapter.1}% 6
\BOOKMARK [1][-]{section.1.6}{Hypothesis}{chapter.1}% 7
\BOOKMARK [0][-]{chapter.2}{The Homeokinetic control scheme }{}% 8
\BOOKMARK [1][-]{section.2.1}{Open and closed loop control}{chapter.2}% 9
\BOOKMARK [1][-]{section.2.2}{The sensorimotor loop}{chapter.2}% 10
\BOOKMARK [1][-]{section.2.3}{Sensorimotor loop dynamics}{chapter.2}% 11
\BOOKMARK [1][-]{section.2.4}{Principle of honeokinesis}{chapter.2}% 12
\BOOKMARK [1][-]{section.2.5}{Learning rule}{chapter.2}% 13
\BOOKMARK [0][-]{chapter.3}{The Internal Models}{}% 14
\BOOKMARK [1][-]{section.3.1}{Recurrent Neural Networks}{chapter.3}% 15
\BOOKMARK [2][-]{subsection.3.1.1}{Real time recurrent learning}{section.3.1}% 16
\BOOKMARK [2][-]{subsection.3.1.2}{Back-propagation decorrelation}{section.3.1}% 17
\BOOKMARK [2][-]{subsection.3.1.3}{Echo state network}{section.3.1}% 18
\BOOKMARK [2][-]{subsection.3.1.4}{Jacobian matrix of RNN}{section.3.1}% 19
\BOOKMARK [1][-]{section.3.2}{Regression Analysis}{chapter.3}% 20
\BOOKMARK [2][-]{subsection.3.2.1}{Linear regression}{section.3.2}% 21
\BOOKMARK [2][-]{subsection.3.2.2}{Locally weighted regression}{section.3.2}% 22
\BOOKMARK [2][-]{subsection.3.2.3}{Linear predictor}{section.3.2}% 23
\BOOKMARK [0][-]{chapter.4}{Evaluation}{}% 24
\BOOKMARK [0][-]{chapter.5}{Conclusion and Discussion}{}% 25
\BOOKMARK [0][-]{chapter*.14}{Bibliography}{}% 26
