\BOOKMARK [0][-]{chapter.1}{Introduction}{}% 1
\BOOKMARK [1][-]{section.1.1}{Intelligent\040Robotics}{chapter.1}% 2
\BOOKMARK [1][-]{section.1.2}{Self-organization}{chapter.1}% 3
\BOOKMARK [1][-]{section.1.3}{Internal\040model}{chapter.1}% 4
\BOOKMARK [1][-]{section.1.4}{Background}{chapter.1}% 5
\BOOKMARK [1][-]{section.1.5}{Motivation}{chapter.1}% 6
\BOOKMARK [1][-]{section.1.6}{Hypothesis}{chapter.1}% 7
\BOOKMARK [0][-]{chapter.2}{The\040Homeokinetic\040control\040scheme\040}{}% 8
\BOOKMARK [1][-]{section.2.1}{Open\040and\040closed\040loop\040control}{chapter.2}% 9
\BOOKMARK [1][-]{section.2.2}{The\040sensorimotor\040loop}{chapter.2}% 10
\BOOKMARK [1][-]{section.2.3}{Sensorimotor\040loop\040dynamics}{chapter.2}% 11
\BOOKMARK [1][-]{section.2.4}{Principle\040of\040honeokinesis}{chapter.2}% 12
\BOOKMARK [1][-]{section.2.5}{Learning\040rule}{chapter.2}% 13
\BOOKMARK [0][-]{chapter.3}{The\040Internal\040Models}{}% 14
\BOOKMARK [1][-]{section.3.1}{Recurrent\040Neural\040Networks}{chapter.3}% 15
\BOOKMARK [2][-]{subsection.3.1.1}{Real\040time\040recurrent\040learning}{section.3.1}% 16
\BOOKMARK [2][-]{subsection.3.1.2}{Back-propagation\040decorrelation}{section.3.1}% 17
\BOOKMARK [2][-]{subsection.3.1.3}{Echo\040state\040network}{section.3.1}% 18
\BOOKMARK [2][-]{subsection.3.1.4}{Jacobian\040matrix\040of\040RNN}{section.3.1}% 19
\BOOKMARK [1][-]{section.3.2}{Regression\040Analysis}{chapter.3}% 20
\BOOKMARK [2][-]{subsection.3.2.1}{Linear\040regression}{section.3.2}% 21
\BOOKMARK [2][-]{subsection.3.2.2}{Locally\040weighted\040regression}{section.3.2}% 22
\BOOKMARK [2][-]{subsection.3.2.3}{Linear\040predictor}{section.3.2}% 23
\BOOKMARK [0][-]{chapter.4}{Evaluation}{}% 24
\BOOKMARK [1][-]{section.4.1}{Process}{chapter.4}% 25
\BOOKMARK [1][-]{section.4.2}{Results}{chapter.4}% 26
\BOOKMARK [2][-]{subsection.4.2.1}{Flat\040Environment}{section.4.2}% 27
\BOOKMARK [2][-]{subsection.4.2.2}{Slightly\040rough\040environment}{section.4.2}% 28
\BOOKMARK [2][-]{subsection.4.2.3}{Rough\040environment}{section.4.2}% 29
\BOOKMARK [2][-]{subsection.4.2.4}{Highly\040rough\040environment}{section.4.2}% 30
\BOOKMARK [1][-]{section.4.3}{Summary}{chapter.4}% 31
\BOOKMARK [0][-]{chapter.5}{Conclusion\040and\040Discussion}{}% 32
\BOOKMARK [0][-]{chapter*.40}{Bibliography}{}% 33
