This is XeTeX, Version 3.1415926-2.5-0.9999.3 (MiKTeX 2.9) (preloaded format=xelatex 2014.1.29)  16 NOV 2014 14:48
entering extended mode
**MScThesisAthanasios.tex
(C:\Users\athapoly\Dropbox\THESIS!!!!!\MScThesisAthanasios.tex
LaTeX2e <2011/06/27>
Babel <v3.8m> and hyphenation patterns for english, afrikaans, ancientgreek, ar
abic, armenian, assamese, basque, bengali, bokmal, bulgarian, catalan, coptic, 
croatian, czech, danish, dutch, esperanto, estonian, farsi, finnish, french, ga
lician, german, german-x-2013-05-26, greek, gujarati, hindi, hungarian, iceland
ic, indonesian, interlingua, irish, italian, kannada, kurmanji, latin, latvian,
 lithuanian, malayalam, marathi, mongolian, mongolianlmc, monogreek, ngerman, n
german-x-2013-05-26, nynorsk, oriya, panjabi, pinyin, polish, portuguese, roman
ian, russian, sanskrit, serbian, slovak, slovenian, spanish, swedish, swissgerm
an, tamil, telugu, turkish, turkmen, ukenglish, ukrainian, uppersorbian, usengl
ishmax, welsh, loaded.
(C:\Users\athapoly\Dropbox\THESIS!!!!!\infthesis.cls
Document Class: infthesis 2011/02/02 v3.5 School of Informatics Thesis Class
("C:\Program Files (x86)\MiKTeX 2.9\tex\latex\geometry\geometry.sty"
Package: geometry 2010/09/12 v5.6 Page Geometry

("C:\Program Files (x86)\MiKTeX 2.9\tex\latex\graphics\keyval.sty"
Package: keyval 1999/03/16 v1.13 key=value parser (DPC)
\KV@toks@=\toks14
)
("C:\Program Files (x86)\MiKTeX 2.9\tex\generic\oberdiek\ifpdf.sty"
Package: ifpdf 2011/01/30 v2.3 Provides the ifpdf switch (HO)
Package ifpdf Info: pdfTeX in PDF mode is not detected.
)
("C:\Program Files (x86)\MiKTeX 2.9\tex\generic\oberdiek\ifvtex.sty"
Package: ifvtex 2010/03/01 v1.5 Detect VTeX and its facilities (HO)
Package ifvtex Info: VTeX not detected.
)
("C:\Program Files (x86)\MiKTeX 2.9\tex\generic\ifxetex\ifxetex.sty"
Package: ifxetex 2010/09/12 v0.6 Provides ifxetex conditional
)
\Gm@cnth=\count80
\Gm@cntv=\count81
\c@Gm@tempcnt=\count82
\Gm@bindingoffset=\dimen102
\Gm@wd@mp=\dimen103
\Gm@odd@mp=\dimen104
\Gm@even@mp=\dimen105
\Gm@layoutwidth=\dimen106
\Gm@layoutheight=\dimen107
\Gm@layouthoffset=\dimen108
\Gm@layoutvoffset=\dimen109
\Gm@dimlist=\toks15

("C:\Program Files (x86)\MiKTeX 2.9\tex\xelatex\xetexconfig\geometry.cfg"))
("C:\Program Files (x86)\MiKTeX 2.9\tex\latex\base\ifthen.sty"
Package: ifthen 2001/05/26 v1.1c Standard LaTeX ifthen package (DPC)
)
("C:\Program Files (x86)\MiKTeX 2.9\tex\latex\graphics\graphics.sty"
Package: graphics 2009/02/05 v1.0o Standard LaTeX Graphics (DPC,SPQR)

("C:\Program Files (x86)\MiKTeX 2.9\tex\latex\graphics\trig.sty"
Package: trig 1999/03/16 v1.09 sin cos tan (DPC)
)
("C:\Program Files (x86)\MiKTeX 2.9\tex\latex\00miktex\graphics.cfg"
File: graphics.cfg 2007/01/18 v1.5 graphics configuration of teTeX/TeXLive
)
Package graphics Info: Driver file: xetex.def on input line 91.

(C:\Users\athapoly\AppData\Roaming\MiKTeX\2.9\tex\xelatex\xetex-def\xetex.def
File: xetex.def 2013/04/29 v0.96 LaTeX color/graphics driver for XeTeX (RRM/JK)

)) ("C:\Program Files (x86)\MiKTeX 2.9\tex\latex\tools\xspace.sty"
Package: xspace 2009/10/20 v1.13 Space after command names (DPC,MH)
)
(C:\Users\athapoly\Dropbox\THESIS!!!!!\eushield.sty
Package: eushield 2006/08/28\ v1.1\ Commands for including the EU shield graphi
c
)
("C:\Program Files (x86)\MiKTeX 2.9\tex\latex\base\report.cls"
Document Class: report 2007/10/19 v1.4h Standard LaTeX document class
("C:\Program Files (x86)\MiKTeX 2.9\tex\latex\base\size12.clo"
File: size12.clo 2007/10/19 v1.4h Standard LaTeX file (size option)
Requested font "cmr12" at 12.0pt
)
\c@part=\count83
\c@chapter=\count84
\c@section=\count85
\c@subsection=\count86
\c@subsubsection=\count87
\c@paragraph=\count88
\c@subparagraph=\count89
\c@figure=\count90
\c@table=\count91
\abovecaptionskip=\skip41
\belowcaptionskip=\skip42
\bibindent=\dimen110
)
("C:\Program Files (x86)\MiKTeX 2.9\tex\latex\pslatex\pslatex.sty"
Package: pslatex 1996/07/24 v1.2 pslatex emulation (DPC)
LaTeX Font Info:    Redeclaring symbol font `operators' on input line 65.
LaTeX Font Info:    Overwriting symbol font `operators' in version `normal'
(Font)                  OT1/cmr/m/n --> OT1/ptmcm/m/n on input line 65.
LaTeX Font Info:    Overwriting symbol font `operators' in version `bold'
(Font)                  OT1/cmr/bx/n --> OT1/ptmcm/m/n on input line 65.
LaTeX Font Info:    Redeclaring symbol font `letters' on input line 66.
LaTeX Font Info:    Overwriting symbol font `letters' in version `normal'
(Font)                  OML/cmm/m/it --> OML/ptmcm/m/it on input line 66.
LaTeX Font Info:    Overwriting symbol font `letters' in version `bold'
(Font)                  OML/cmm/b/it --> OML/ptmcm/m/it on input line 66.
LaTeX Font Info:    Redeclaring symbol font `symbols' on input line 67.
LaTeX Font Info:    Overwriting symbol font `symbols' in version `normal'
(Font)                  OMS/cmsy/m/n --> OMS/pzccm/m/n on input line 67.
LaTeX Font Info:    Overwriting symbol font `symbols' in version `bold'
(Font)                  OMS/cmsy/b/n --> OMS/pzccm/m/n on input line 67.
LaTeX Font Info:    Redeclaring symbol font `largesymbols' on input line 68.
LaTeX Font Info:    Overwriting symbol font `largesymbols' in version `normal'
(Font)                  OMX/cmex/m/n --> OMX/psycm/m/n on input line 68.
LaTeX Font Info:    Overwriting symbol font `largesymbols' in version `bold'
(Font)                  OMX/cmex/m/n --> OMX/psycm/m/n on input line 68.
\symbold=\mathgroup4
\symitalic=\mathgroup5
LaTeX Font Info:    Redeclaring math alphabet \mathbf on input line 74.
LaTeX Font Info:    Overwriting math alphabet `\mathbf' in version `normal'
(Font)                  OT1/cmr/bx/n --> OT1/ptm/bx/n on input line 74.
LaTeX Font Info:    Overwriting math alphabet `\mathbf' in version `bold'
(Font)                  OT1/cmr/bx/n --> OT1/ptm/bx/n on input line 74.
LaTeX Font Info:    Redeclaring math alphabet \mathit on input line 75.
LaTeX Font Info:    Overwriting math alphabet `\mathit' in version `normal'
(Font)                  OT1/cmr/m/it --> OT1/ptm/m/it on input line 75.
LaTeX Font Info:    Overwriting math alphabet `\mathit' in version `bold'
(Font)                  OT1/cmr/bx/it --> OT1/ptm/m/it on input line 75.
Requested font "ptmr7t" at 12.0pt
)
(C:\Users\athapoly\AppData\Roaming\MiKTeX\2.9\tex\latex\sectsty\sectsty.sty
Package: sectsty 2002/02/25 v2.0.2 Commands to change all sectional heading sty
les
)
(C:\Users\athapoly\AppData\Roaming\MiKTeX\2.9\tex\latex\caption\caption.sty
Package: caption 2013/05/02 v3.3-89 Customizing captions (AR)

(C:\Users\athapoly\AppData\Roaming\MiKTeX\2.9\tex\latex\caption\caption3.sty
Package: caption3 2013/05/02 v1.6-88 caption3 kernel (AR)
Package caption3 Info: TeX engine: e-TeX on input line 57.
\captionmargin=\dimen111
\captionmargin@=\dimen112
\captionwidth=\dimen113
\caption@tempdima=\dimen114
\caption@indent=\dimen115
\caption@parindent=\dimen116
\caption@hangindent=\dimen117
)
\c@ContinuedFloat=\count92
)) (C:\Users\athapoly\AppData\Roaming\MiKTeX\2.9\tex\latex\natbib\natbib.sty
Package: natbib 2010/09/13 8.31b (PWD, AO)
\bibhang=\skip43
\bibsep=\skip44
LaTeX Info: Redefining \cite on input line 694.
\c@NAT@ctr=\count93
)
(C:\Users\athapoly\AppData\Roaming\MiKTeX\2.9\tex\latex\draftwatermark\draftwat
ermark.sty
Package: draftwatermark 2006/06/30 1.0 Put a gray textual watermark on document
 pages

(C:\Users\athapoly\AppData\Roaming\MiKTeX\2.9\tex\latex\everypage\everypage.sty
Package: everypage 2007/06/20 1.1 Hooks to run on every page
) ("C:\Program Files (x86)\MiKTeX 2.9\tex\latex\graphics\graphicx.sty"
Package: graphicx 1999/02/16 v1.0f Enhanced LaTeX Graphics (DPC,SPQR)
\Gin@req@height=\dimen118
\Gin@req@width=\dimen119
)
("C:\Program Files (x86)\MiKTeX 2.9\tex\latex\graphics\color.sty"
Package: color 2005/11/14 v1.0j Standard LaTeX Color (DPC)

("C:\Program Files (x86)\MiKTeX 2.9\tex\latex\00miktex\color.cfg"
File: color.cfg 2007/01/18 v1.5 color configuration of teTeX/TeXLive
)
Package color Info: Driver file: xetex.def on input line 130.
)
\sc@wm@fontsize=\skip45
)
("C:\Program Files (x86)\MiKTeX 2.9\tex\latex\hyperref\hyperref.sty"
Package: hyperref 2012/11/06 v6.83m Hypertext links for LaTeX

("C:\Program Files (x86)\MiKTeX 2.9\tex\generic\oberdiek\hobsub-hyperref.sty"
Package: hobsub-hyperref 2012/04/25 v1.12 Bundle oberdiek, subset hyperref (HO)


("C:\Program Files (x86)\MiKTeX 2.9\tex\generic\oberdiek\hobsub-generic.sty"
Package: hobsub-generic 2012/04/25 v1.12 Bundle oberdiek, subset generic (HO)
Package: hobsub 2012/04/25 v1.12 Construct package bundles (HO)
Package: infwarerr 2010/04/08 v1.3 Providing info/warning/error messages (HO)
Package: ltxcmds 2011/11/09 v1.22 LaTeX kernel commands for general use (HO)
Package: ifluatex 2010/03/01 v1.3 Provides the ifluatex switch (HO)
Package ifluatex Info: LuaTeX not detected.
Package hobsub Info: Skipping package `ifvtex' (already loaded).
Package: intcalc 2007/09/27 v1.1 Expandable calculations with integers (HO)
Package hobsub Info: Skipping package `ifpdf' (already loaded).
Package: etexcmds 2011/02/16 v1.5 Avoid name clashes with e-TeX commands (HO)
Package etexcmds Info: Could not find \expanded.
(etexcmds)             That can mean that you are not using pdfTeX 1.50 or
(etexcmds)             that some package has redefined \expanded.
(etexcmds)             In the latter case, load this package earlier.
Package: kvsetkeys 2012/04/25 v1.16 Key value parser (HO)
Package: kvdefinekeys 2011/04/07 v1.3 Define keys (HO)
Package: pdftexcmds 2011/11/29 v0.20 Utility functions of pdfTeX for LuaTeX (HO
)
Package pdftexcmds Info: LuaTeX not detected.
Package pdftexcmds Info: pdfTeX >= 1.30 not detected.
Package pdftexcmds Info: \pdf@primitive is available.
Package pdftexcmds Info: \pdf@ifprimitive is available.
Package pdftexcmds Info: \pdfdraftmode not found.
Package: pdfescape 2011/11/25 v1.13 Implements pdfTeX's escape features (HO)
Package: bigintcalc 2012/04/08 v1.3 Expandable calculations on big integers (HO
)
Package: bitset 2011/01/30 v1.1 Handle bit-vector datatype (HO)
Package: uniquecounter 2011/01/30 v1.2 Provide unlimited unique counter (HO)
)
Package hobsub Info: Skipping package `hobsub' (already loaded).
Package: letltxmacro 2010/09/02 v1.4 Let assignment for LaTeX macros (HO)
Package: hopatch 2011/06/24 v1.1 Wrapper for package hooks (HO)
Package: xcolor-patch 2011/01/30 xcolor patch
Package: atveryend 2011/06/30 v1.8 Hooks at the very end of document (HO)
Package atveryend Info: \enddocument detected (standard20110627).
Package: atbegshi 2011/10/05 v1.16 At begin shipout hook (HO)
Package: refcount 2011/10/16 v3.4 Data extraction from label references (HO)
Package: hycolor 2011/01/30 v1.7 Color options for hyperref/bookmark (HO)
)
("C:\Program Files (x86)\MiKTeX 2.9\tex\latex\oberdiek\auxhook.sty"
Package: auxhook 2011/03/04 v1.3 Hooks for auxiliary files (HO)
)
("C:\Program Files (x86)\MiKTeX 2.9\tex\latex\oberdiek\kvoptions.sty"
Package: kvoptions 2011/06/30 v3.11 Key value format for package options (HO)
)
\@linkdim=\dimen120
\Hy@linkcounter=\count94
\Hy@pagecounter=\count95

("C:\Program Files (x86)\MiKTeX 2.9\tex\latex\hyperref\pd1enc.def"
File: pd1enc.def 2012/11/06 v6.83m Hyperref: PDFDocEncoding definition (HO)
)
\Hy@SavedSpaceFactor=\count96

("C:\Program Files (x86)\MiKTeX 2.9\tex\latex\00miktex\hyperref.cfg"
File: hyperref.cfg 2002/06/06 v1.2 hyperref configuration of TeXLive
)
Package hyperref Info: Hyper figures OFF on input line 4443.
Package hyperref Info: Link nesting OFF on input line 4448.
Package hyperref Info: Hyper index ON on input line 4451.
Package hyperref Info: Plain pages OFF on input line 4458.
Package hyperref Info: Backreferencing OFF on input line 4463.
Package hyperref Info: Implicit mode ON; LaTeX internals redefined.
Package hyperref Info: Bookmarks ON on input line 4688.
\c@Hy@tempcnt=\count97

(C:\Users\athapoly\AppData\Roaming\MiKTeX\2.9\tex\latex\url\url.sty
\Urlmuskip=\muskip10
Package: url 2013/09/16  ver 3.4  Verb mode for urls, etc.
)
LaTeX Info: Redefining \url on input line 5041.
\XeTeXLinkMargin=\dimen121
Requested font "pzdr" at 0.00002pt
\Fld@menulength=\count98
\Field@Width=\dimen122
\Fld@charsize=\dimen123
Package hyperref Info: Hyper figures OFF on input line 6295.
Package hyperref Info: Link nesting OFF on input line 6300.
Package hyperref Info: Hyper index ON on input line 6303.
Package hyperref Info: backreferencing OFF on input line 6310.
Package hyperref Info: Link coloring OFF on input line 6315.
Package hyperref Info: Link coloring with OCG OFF on input line 6320.
Package hyperref Info: PDF/A mode OFF on input line 6325.
LaTeX Info: Redefining \ref on input line 6365.
LaTeX Info: Redefining \pageref on input line 6369.
\Hy@abspage=\count99
\c@Item=\count100
\c@Hfootnote=\count101
)

Package hyperref Message: Driver (autodetected): hxetex.

("C:\Program Files (x86)\MiKTeX 2.9\tex\latex\hyperref\hxetex.def"
File: hxetex.def 2012/11/06 v6.83m Hyperref driver for XeTeX

("C:\Program Files (x86)\MiKTeX 2.9\tex\latex\hyperref\puenc.def"
File: puenc.def 2012/11/06 v6.83m Hyperref: PDF Unicode definition (HO)
)
("C:\Program Files (x86)\MiKTeX 2.9\tex\generic\oberdiek\stringenc.sty"
Package: stringenc 2011/12/02 v1.10 Convert strings between diff. encodings (HO
)
)
\pdfm@box=\box26
\c@Hy@AnnotLevel=\count102
\HyField@AnnotCount=\count103
\Fld@listcount=\count104
\c@bookmark@seq@number=\count105

("C:\Program Files (x86)\MiKTeX 2.9\tex\latex\oberdiek\rerunfilecheck.sty"
Package: rerunfilecheck 2011/04/15 v1.7 Rerun checks for auxiliary files (HO)
Package rerunfilecheck Info: Feature \pdfmdfivesum is not available
(rerunfilecheck)             (e.g. pdfTeX or LuaTeX with package `pdftexcmds').

(rerunfilecheck)             Therefore file contents cannot be checked efficien
tly
(rerunfilecheck)             and the loading of the package is aborted.
)
\Hy@SectionHShift=\skip46
)
("C:\Program Files (x86)\MiKTeX 2.9\tex\latex\float\float.sty"
Package: float 2001/11/08 v1.3d Float enhancements (AL)
\c@float@type=\count106
\float@exts=\toks16
\float@box=\box27
\@float@everytoks=\toks17
\@floatcapt=\box28
)
("C:\Program Files (x86)\MiKTeX 2.9\tex\latex\amsmath\amsmath.sty"
Package: amsmath 2013/01/14 v2.14 AMS math features
\@mathmargin=\skip47

For additional information on amsmath, use the `?' option.
("C:\Program Files (x86)\MiKTeX 2.9\tex\latex\amsmath\amstext.sty"
Package: amstext 2000/06/29 v2.01

("C:\Program Files (x86)\MiKTeX 2.9\tex\latex\amsmath\amsgen.sty"
File: amsgen.sty 1999/11/30 v2.0
\@emptytoks=\toks18
\ex@=\dimen124
))
("C:\Program Files (x86)\MiKTeX 2.9\tex\latex\amsmath\amsbsy.sty"
Package: amsbsy 1999/11/29 v1.2d
\pmbraise@=\dimen125
)
("C:\Program Files (x86)\MiKTeX 2.9\tex\latex\amsmath\amsopn.sty"
Package: amsopn 1999/12/14 v2.01 operator names
)
\inf@bad=\count107
LaTeX Info: Redefining \frac on input line 210.
\uproot@=\count108
\leftroot@=\count109
LaTeX Info: Redefining \overline on input line 306.
\classnum@=\count110
\DOTSCASE@=\count111
LaTeX Info: Redefining \ldots on input line 378.
LaTeX Info: Redefining \dots on input line 381.
LaTeX Info: Redefining \cdots on input line 466.
\Mathstrutbox@=\box29
\strutbox@=\box30
\big@size=\dimen126
LaTeX Font Info:    Redeclaring font encoding OML on input line 566.
LaTeX Font Info:    Redeclaring font encoding OMS on input line 567.
\macc@depth=\count112
\c@MaxMatrixCols=\count113
\dotsspace@=\muskip11
\c@parentequation=\count114
\dspbrk@lvl=\count115
\tag@help=\toks19
\row@=\count116
\column@=\count117
\maxfields@=\count118
\andhelp@=\toks20
\eqnshift@=\dimen127
\alignsep@=\dimen128
\tagshift@=\dimen129
\tagwidth@=\dimen130
\totwidth@=\dimen131
\lineht@=\dimen132
\@envbody=\toks21
\multlinegap=\skip48
\multlinetaggap=\skip49
\mathdisplay@stack=\toks22
LaTeX Info: Redefining \[ on input line 2665.
LaTeX Info: Redefining \] on input line 2666.
)
(C:\Users\athapoly\AppData\Roaming\MiKTeX\2.9\tex\latex\caption\subcaption.sty
Package: subcaption 2013/02/03 v1.1-62 Sub-captions (AR)
\c@subfigure=\count119
\c@subtable=\count120
) (C:\Users\athapoly\AppData\Roaming\MiKTeX\2.9\tex\latex\slashbox\slashbox.sty

slashbox style by K.Yasuoka, May 1993.
\@slashboxa=\box31
\@slashboxb=\box32
\@slashboxc=\box33
\@slashboxwd=\count121
\@slashboxht=\count122
\@slashsepl=\dimen133
\@slashsepr=\dimen134
) ("C:\Program Files (x86)\MiKTeX 2.9\tex\latex\oberdiek\epstopdf.sty"
Package: epstopdf 2010/02/09 v2.5 Conversion with epstopdf on the fly (HO)

("C:\Program Files (x86)\MiKTeX 2.9\tex\latex\oberdiek\epstopdf-base.sty"
Package: epstopdf-base 2010/02/09 v2.5 Base part for package epstopdf

("C:\Program Files (x86)\MiKTeX 2.9\tex\latex\oberdiek\grfext.sty"
Package: grfext 2010/08/19 v1.1 Manage graphics extensions (HO)
)

Package epstopdf Warning: Drivers other than `pdftex.def' are not supported.

)) (C:\Users\athapoly\Dropbox\THESIS!!!!!\MScThesisAthanasios.aux
(C:\Users\athapoly\Dropbox\THESIS!!!!!\Introduction.aux)
(C:\Users\athapoly\Dropbox\THESIS!!!!!\Introduction.aux)
(C:\Users\athapoly\Dropbox\THESIS!!!!!\.aux)
(C:\Users\athapoly\Dropbox\THESIS!!!!!\.aux)

LaTeX Warning: Label `fig:15_DIST' multiply defined.

(C:\Users\athapoly\Dropbox\THESIS!!!!!\Evaluation.aux)
(C:\Users\athapoly\Dropbox\THESIS!!!!!\.aux))
LaTeX Font Info:    Checking defaults for OML/cmm/m/it on input line 88.
LaTeX Font Info:    ... okay on input line 88.
LaTeX Font Info:    Checking defaults for T1/cmr/m/n on input line 88.
LaTeX Font Info:    ... okay on input line 88.
LaTeX Font Info:    Checking defaults for OT1/cmr/m/n on input line 88.
LaTeX Font Info:    ... okay on input line 88.
LaTeX Font Info:    Checking defaults for OMS/pzccm/m/n on input line 88.
LaTeX Font Info:    Try loading font information for OMS+pzccm on input line 88
.

("C:\Program Files (x86)\MiKTeX 2.9\tex\latex\psnfss\omspzccm.fd"
File: omspzccm.fd 2000/01/03 Fontinst v1.801 font definitions for OMS/pzccm.
)
LaTeX Font Info:    ... okay on input line 88.
LaTeX Font Info:    Checking defaults for OMX/cmex/m/n on input line 88.
LaTeX Font Info:    ... okay on input line 88.
LaTeX Font Info:    Checking defaults for U/cmr/m/n on input line 88.
LaTeX Font Info:    ... okay on input line 88.
LaTeX Font Info:    Checking defaults for PD1/pdf/m/n on input line 88.
LaTeX Font Info:    ... okay on input line 88.
LaTeX Font Info:    Checking defaults for PU/pdf/m/n on input line 88.
LaTeX Font Info:    ... okay on input line 88.

*geometry* detected driver: pdftex
*geometry* verbose mode - [ preamble ] result:
* driver: pdftex
* paper: a4paper
* layout: <same size as paper>
* layoutoffset:(h,v)=(0.0pt,0.0pt)
* modes: 
* h-part:(L,W,R)=(113.81102pt, 412.56497pt, 71.13188pt)
* v-part:(T,H,B)=(56.9055pt, 674.33032pt, 113.81102pt)
* \paperwidth=597.50787pt
* \paperheight=845.04684pt
* \textwidth=412.56497pt
* \textheight=674.33032pt
* \oddsidemargin=41.54103pt
* \evensidemargin=41.54103pt
* \topmargin=-52.36449pt
* \headheight=12.0pt
* \headsep=25.0pt
* \topskip=12.0pt
* \footskip=30.0pt
* \marginparwidth=35.0pt
* \marginparsep=10.0pt
* \columnsep=10.0pt
* \skip\footins=10.8pt plus 4.0pt minus 2.0pt
* \hoffset=0.0pt
* \voffset=0.0pt
* \mag=1000
* \@twocolumnfalse
* \@twosidefalse
* \@mparswitchfalse
* \@reversemarginfalse
* (1in=72.27pt=25.4mm, 1cm=28.453pt)

Package caption Info: Begin \AtBeginDocument code.
Package caption Info: float package is loaded.
Package caption Info: hyperref package is loaded.
Package caption Info: End \AtBeginDocument code.
\AtBeginShipoutBox=\box34
Package hyperref Info: Link coloring OFF on input line 88.
("C:\Program Files (x86)\MiKTeX 2.9\tex\latex\hyperref\nameref.sty"
Package: nameref 2012/10/27 v2.43 Cross-referencing by name of section

("C:\Program Files (x86)\MiKTeX 2.9\tex\generic\oberdiek\gettitlestring.sty"
Package: gettitlestring 2010/12/03 v1.4 Cleanup title references (HO)
)
\c@section@level=\count123
)
LaTeX Info: Redefining \ref on input line 88.
LaTeX Info: Redefining \pageref on input line 88.
LaTeX Info: Redefining \nameref on input line 88.

(C:\Users\athapoly\Dropbox\THESIS!!!!!\MScThesisAthanasios.out)
(C:\Users\athapoly\Dropbox\THESIS!!!!!\MScThesisAthanasios.out)
\@outlinefile=\write3
Requested font "ptmr7t" at 20.74pt
LaTeX Font Info:    Font shape `OT1/ptm/bx/n' in size <20.74> not available
(Font)              Font shape `OT1/ptm/b/n' tried instead on input line 95.
Requested font "ptmb7t" at 20.74pt
LaTeX Font Info:    Font shape `OT1/phv/bx/n' in size <20.74> not available
(Font)              Font shape `OT1/phv/b/n' tried instead on input line 95.
LaTeX Font Info:    Font shape `OT1/phv/b/n' will be
(Font)              scaled to size 18.66588pt on input line 95.
Requested font "phvb7t" at 18.66588pt
Requested font "ptmr7t" at 17.28pt
Requested font "ptmri7t" at 17.28pt
File: eushield.eps Graphic file (type eps)
 <eushield.eps>
Requested font "ptmr7t" at 14.4pt
Requested font "ptmr7t" at 142.26378pt

("C:\Program Files (x86)\MiKTeX 2.9\tex\generic\oberdiek\se-ascii-print.def"
File: se-ascii-print.def 2011/12/02 v1.10 stringenc: Printable ASCII characters

)
[1

]
LaTeX Font Info:    Font shape `OT1/phv/m/n' will be
(Font)              scaled to size 10.79993pt on input line 95.
Requested font "phvr7t" at 10.79993pt
LaTeX Font Info:    Font shape `OT1/phv/bx/n' in size <12> not available
(Font)              Font shape `OT1/phv/b/n' tried instead on input line 95.
LaTeX Font Info:    Font shape `OT1/phv/b/n' will be
(Font)              scaled to size 10.79993pt on input line 95.
Requested font "phvb7t" at 10.79993pt
 [1

] [2]
Requested font "ptmri7t" at 12.0pt
 [3]
Requested font "ptmr7t" at 24.88pt
LaTeX Font Info:    Font shape `OT1/ptm/bx/n' in size <24.88> not available
(Font)              Font shape `OT1/ptm/b/n' tried instead on input line 109.
Requested font "ptmb7t" at 24.88pt
LaTeX Font Info:    Font shape `OT1/phv/bx/n' in size <24.88> not available
(Font)              Font shape `OT1/phv/b/n' tried instead on input line 109.
LaTeX Font Info:    Font shape `OT1/phv/b/n' will be
(Font)              scaled to size 22.39185pt on input line 109.
Requested font "phvb7t" at 22.39185pt
 (C:\Users\athapoly\Dropbox\THESIS!!!!!\MScThesisAthanasios.toc
LaTeX Font Info:    Font shape `OT1/ptm/bx/n' in size <12> not available
(Font)              Font shape `OT1/ptm/b/n' tried instead on input line 1.
Requested font "ptmb7t" at 12.0pt
LaTeX Font Info:    Try loading font information for OT1+ptmcm on input line 2.


("C:\Program Files (x86)\MiKTeX 2.9\tex\latex\psnfss\ot1ptmcm.fd"
File: ot1ptmcm.fd 2000/01/03 Fontinst v1.801 font definitions for OT1/ptmcm.
)
Requested font "zptmcmr" at 12.0pt
Requested font "zptmcmr" at 9.0pt
Requested font "zptmcmr" at 7.0pt
LaTeX Font Info:    Try loading font information for OML+ptmcm on input line 2.


("C:\Program Files (x86)\MiKTeX 2.9\tex\latex\psnfss\omlptmcm.fd"
File: omlptmcm.fd 2000/01/03 Fontinst v1.801 font definitions for OML/ptmcm.
)
Requested font "zptmcmrm" at 12.0pt
Requested font "zptmcmrm" at 9.0pt
Requested font "zptmcmrm" at 7.0pt
Requested font "zpzccmry" at 12.0pt
Requested font "zpzccmry" at 9.0pt
Requested font "zpzccmry" at 7.0pt
LaTeX Font Info:    Try loading font information for OMX+psycm on input line 2.


("C:\Program Files (x86)\MiKTeX 2.9\tex\latex\psnfss\omxpsycm.fd"
File: omxpsycm.fd 2000/01/03 Fontinst v1.801 font definitions for OMX/psycm.
)
Requested font "zpsycmrv" at 12.0pt
Requested font "zpsycmrv" at 9.0pt
Requested font "zpsycmrv" at 7.0pt
LaTeX Font Info:    Font shape `OT1/ptm/bx/n' in size <9> not available
(Font)              Font shape `OT1/ptm/b/n' tried instead on input line 2.
Requested font "ptmb7t" at 9.0pt
LaTeX Font Info:    Font shape `OT1/ptm/bx/n' in size <7> not available
(Font)              Font shape `OT1/ptm/b/n' tried instead on input line 2.
Requested font "ptmb7t" at 7.0pt
Requested font "ptmri7t" at 9.0pt
Requested font "ptmri7t" at 7.0pt
 [4

])
\tf@toc=\write4

[5]
Chapter 1.
LaTeX Font Info:    Font shape `OT1/ptm/bx/n' in size <17.28> not available
(Font)              Font shape `OT1/ptm/b/n' tried instead on input line 125.
Requested font "ptmb7t" at 17.28pt
LaTeX Font Info:    Font shape `OT1/phv/bx/n' in size <17.28> not available
(Font)              Font shape `OT1/phv/b/n' tried instead on input line 125.
LaTeX Font Info:    Font shape `OT1/phv/b/n' will be
(Font)              scaled to size 15.55188pt on input line 125.
Requested font "phvb7t" at 15.55188pt
[1


]
LaTeX Font Info:    Font shape `OT1/phv/m/it' in size <12> not available
(Font)              Font shape `OT1/phv/m/sl' tried instead on input line 141.
LaTeX Font Info:    Font shape `OT1/phv/m/sl' will be
(Font)              scaled to size 10.79993pt on input line 141.
Requested font "phvro7t" at 10.79993pt
 [2]
File: swarm.jpg Graphic file (type QTm)
 <use  "swarm.jpg" >
Requested font "ptmr7t" at 10.95pt
 [3]
No file Introduction.tex.
[4


] [5]
File: im.png Graphic file (type QTm)
 <use  "im.png" > [6] [7] [8]
Overfull \hbox (6.38344pt too wide) in paragraph at lines 203--204
[]\OT1/ptm/m/n/12 The home-oki-netic prin-ci-ple that is used in this the-sis i
s based on the self-organization
 []

LaTeX Font Info:    Font shape `OMS/ptm/m/n' in size <12> not available
(Font)              Font shape `OMS/pzccm/m/n' tried instead on input line 211.


Overfull \hbox (9.14653pt too wide) in paragraph at lines 211--212
[]\OT1/ptm/m/n/12 The com-plex-ity of the en-vi-ron-ment af-fects the com-plex-
ity of gen-er-ated be-haviours. 
 []

[9] [10]
No file Introduction.tex.
Chapter 2.
File: openloop.jpg Graphic file (type QTm)
<use  "openloop.jpg" > [11



]
File: closedlloop.jpg Graphic file (type QTm)
 <use  "closedlloop.jpg" > [12]
File: sensorimotor.jpg Graphic file (type QTm)

<use  "sensorimotor.jpg" > [13]
File: sns.jpg Graphic file (type QTm)
 <use  "sns.jpg" > [14]
Missing character: There is no • in font zptmcmr!
Missing character: There is no • in font zptmcmr!
Missing character: There is no • in font zptmcmr!
 [15]
File: biff.jpg Graphic file (type QTm)
 <use  "biff.jpg" >
Requested font "zptmcmr" at 10.95pt
Requested font "zptmcmr" at 8.0pt
Requested font "zptmcmr" at 6.0pt
Requested font "zptmcmrm" at 10.95pt
Requested font "zptmcmrm" at 8.0pt
Requested font "zptmcmrm" at 6.0pt
Requested font "zpzccmry" at 10.95pt
Requested font "zpzccmry" at 8.0pt
Requested font "zpzccmry" at 6.0pt
Requested font "zpsycmrv" at 10.95pt
Requested font "zpsycmrv" at 8.0pt
Requested font "zpsycmrv" at 6.0pt
LaTeX Font Info:    Font shape `OT1/ptm/bx/n' in size <10.95> not available
(Font)              Font shape `OT1/ptm/b/n' tried instead on input line 354.
Requested font "ptmb7t" at 10.95pt
LaTeX Font Info:    Font shape `OT1/ptm/bx/n' in size <8> not available
(Font)              Font shape `OT1/ptm/b/n' tried instead on input line 354.
Requested font "ptmb7t" at 8.0pt
LaTeX Font Info:    Font shape `OT1/ptm/bx/n' in size <6> not available
(Font)              Font shape `OT1/ptm/b/n' tried instead on input line 354.
Requested font "ptmb7t" at 6.0pt
Requested font "ptmri7t" at 10.95pt
Requested font "ptmri7t" at 8.0pt
Requested font "ptmri7t" at 6.0pt

[16]
File: biffcat.jpg Graphic file (type QTm)
 <use  "biffcat.jpg" > [17] [18]
File: homeo.png Graphic file (type QTm)
 <use  "homeo.png" > [19] [20] [21]
[22] ("C:\Program Files (x86)\MiKTeX 2.9\tex\latex\tools\.tex" File ignored)
Chapter 3.
[23



]
LaTeX Font Info:    Font shape `OT1/ptm/bx/n' in size <14.4> not available
(Font)              Font shape `OT1/ptm/b/n' tried instead on input line 503.
Requested font "ptmb7t" at 14.4pt
LaTeX Font Info:    Font shape `OT1/phv/bx/n' in size <14.4> not available
(Font)              Font shape `OT1/phv/b/n' tried instead on input line 503.
LaTeX Font Info:    Font shape `OT1/phv/b/n' will be
(Font)              scaled to size 12.9599pt on input line 503.
Requested font "phvb7t" at 12.9599pt
 [24] [25]
File: BPDC.png Graphic file (type QTm)
 <use  "BPDC.png" > [26] [27]
Underfull \hbox (badness 10000) in paragraph at lines 607--609

 []

[28]
File: ESN.png Graphic file (type QTm)
 <use  "ESN.png" > [29] [30]
Overfull \hbox (8.7269pt too wide) in paragraph at lines 679--681
[]\OT1/ptm/m/n/12 Similarly the term $[]$ is cal-cu-lated set-ting $\OML/ptmcm/
m/it/12 l\OT1/ptmcm/m/n/12 (\OML/ptmcm/m/it/12 t \OT1/ptmcm/m/n/12 + 1) = []\OM
L/ptmcm/m/it/12 x\OT1/ptmcm/m/n/12 (\OML/ptmcm/m/it/12 t \OT1/ptmcm/m/n/12 + 1)
 + []\OT1/ptm/b/n/12 h\OT1/ptmcm/m/n/12 (\OML/ptmcm/m/it/12 t\OT1/ptmcm/m/n/12 
) +
 []

[31]
Missing character: There is no • in font zptmcmr!

Overfull \hbox (12.3404pt too wide) in paragraph at lines 726--730
\OT1/ptm/m/n/12 tains the bias co-ef-fi-cient $\OML/ptmcm/m/it/12 ^^L[]$ \OT1/p
tm/m/n/12 so the in-put vec-tors have the form $[]$ 
 []

[32] [33]
Missing character: There is no • in font zptmcmr!
 [34]
Overfull \hbox (1.11726pt too wide) in paragraph at lines 817--818
[]\OT1/ptm/m/n/12 Calculate the es-ti-ma-tion of re-gres-sion ma-trix us-ing th
e mem-o-rized inputs-outputs
 []


Overfull \hbox (1.668pt too wide) in paragraph at lines 823--824
[]\OT1/ptm/m/n/12 This mod-i-fi-ca-tion re-duces the needed com-pu-ta-tional re
-sources and makes the model
 []

[35] [36] ("C:\Program Files (x86)\MiKTeX 2.9\tex\latex\tools\.tex"
File ignored)
Chapter 4.
[37



]
File: zoo.jpg Graphic file (type QTm)
 <use  "zoo.jpg" > [38]
File: env00.jpg Graphic file (type QTm)
 <use  "env00.jpg" >
Requested font "ptmr7t" at 10.0pt
File: env05.jpg Graphic file (type QTm)
 <use  "env05.jpg" >
File: env10.jpg Graphic file (type QTm)

<use  "env10.jpg" >
File: env15.jpg Graphic file (type QTm)
 <use  "env15.jpg" > [39] [40]
File: RNN_00_MSE.eps Graphic file (type eps)
 <RNN_00_MSE.eps>
File: LR_00_MSE.eps Graphic file (type eps)

<LR_00_MSE.eps>
File: RNN_00_MSEvar.eps Graphic file (type eps)
 <RNN_00_MSEvar.eps>
File: LR_00_MSEvar.eps Graphic file (type eps)
 <LR_00_MSEvar.eps> [41]
File: RNN_00_DIST.eps Graphic file (type eps)
 <RNN_00_DIST.eps>
File: LR_00_DIST.eps Graphic file (type eps)

<LR_00_DIST.eps>
File: RNN_00_DISTvar.eps Graphic file (type eps)
 <RNN_00_DISTvar.eps>
File: LR_00_DISTvar.eps Graphic file (type eps)
 <LR_00_DISTvar.eps> [42]
File: RNN_00_AREA.eps Graphic file (type eps)

<RNN_00_AREA.eps>
File: LR_00_AREA.eps Graphic file (type eps)
 <LR_00_AREA.eps>
File: RNN_00_AREAvar.eps Graphic file (type eps)
 <RNN_00_AREAvar.eps>
File: LR_00_AREAvar.eps Graphic file (type eps)
 <LR_00_AREAvar.eps>
[43] [44]
File: RNN_05_MSE.eps Graphic file (type eps)
 <RNN_05_MSE.eps>
File: LR_05_MSE.eps Graphic file (type eps)
 <LR_05_MSE.eps>
Overfull \hbox (4.56006pt too wide) in paragraph at lines 1073--1087
 [][]  [] 
 []

File: RNN_05_DIST.eps Graphic file (type eps)
<RNN_05_DIST.eps>
File: LR_05_DIST.eps Graphic file (type eps)
 <LR_05_DIST.eps>
Overfull \hbox (4.56006pt too wide) in paragraph at lines 1097--1111
 [][]  [] 
 []

[45]
File: RNN_05_AREA.eps Graphic file (type eps)
 <RNN_05_AREA.eps>
File: LR_05_AREA.eps Graphic file (type eps)
 <LR_05_AREA.eps>
File: RNN_10_MSE.eps Graphic file (type eps)
 <RNN_10_MSE.eps>
File: LR_10_MSE.eps Graphic file (type eps)
 <LR_10_MSE.eps>
Overfull \hbox (4.56006pt too wide) in paragraph at lines 1146--1160
 [][]  [] 
 []

[46]
File: RNN_10_DIST.eps Graphic file (type eps)
 <RNN_10_DIST.eps>
File: LR_10_DIST.eps Graphic file (type eps)
 <LR_10_DIST.eps>
Overfull \hbox (4.56006pt too wide) in paragraph at lines 1169--1183
 [][]  [] 
 []

[47]
File: RNN_10_AREA.eps Graphic file (type eps)
 <RNN_10_AREA.eps>
File: LR_10_AREA.eps Graphic file (type eps)
 <LR_10_AREA.eps>
File: RNN_15_MSE.eps Graphic file (type eps)
 <RNN_15_MSE.eps>
File: LR_15_MSE.eps Graphic file (type eps)
 <LR_15_MSE.eps>
Overfull \hbox (4.56006pt too wide) in paragraph at lines 1218--1232
 [][]  [] 
 []

[48]
File: RNN_15_DIST.eps Graphic file (type eps)
 <RNN_15_DIST.eps>
File: LR_15_DIST.eps Graphic file (type eps)
 <LR_15_DIST.eps>
Overfull \hbox (4.56006pt too wide) in paragraph at lines 1241--1255
 [][]  [] 
 []

File: RNN_15_AREA.eps Graphic file (type eps)
<RNN_15_AREA.eps>
File: LR_15_AREA.eps Graphic file (type eps)
 <LR_15_AREA.eps> [49]
Overfull \hbox (9.14653pt too wide) in paragraph at lines 1286--1287
[]\OT1/ptm/m/n/12 The com-plex-ity of the en-vi-ron-ment af-fects the com-plex-
ity of gen-er-ated be-haviours. 
 []

[50]
File: Area_Env.eps Graphic file (type eps)
 <Area_Env.eps>
Overfull \hbox (7.60081pt too wide) in paragraph at lines 1307--1309
 [][] 
 []

File: Area_sortEnv.eps Graphic file (type eps)
<Area_sortEnv.eps>
Overfull \hbox (16.23866pt too wide) in paragraph at lines 1319--1321
 [][] 
 []

[51] [52]
File: Area_Error.eps Graphic file (type eps)
 <Area_Error.eps> [53]
File: Area_Complex.eps Graphic file (type eps)
 <Area_Complex.eps> [54] [55]
File: Error_Complex.eps Graphic file (type eps)

<Error_Complex.eps>
Overfull \hbox (6.29924pt too wide) in paragraph at lines 1376--1378
 [][] 
 []

[56]
No file Evaluation.tex.
Chapter 5.
[57



] [58] ("C:\Program Files (x86)\MiKTeX 2.9\tex\latex\tools\.tex"
File ignored) (C:\Users\athapoly\Dropbox\THESIS!!!!!\MScThesisAthanasios.bbl
Missing character: There is no Ã in font ptmr7t!
Missing character: There is no ¼ in font ptmr7t!

[59



] [60]
Requested font "ptmrc7t" at 12.0pt
Requested font "pcrr7tn" at 12.0pt
 [61]
Missing character: There is no ż in font ptmr7t!
Missing character: There is no – in font ptmri7t!
 [62])
Package atveryend Info: Empty hook `BeforeClearDocument' on input line 1424.
 [63]
Package atveryend Info: Empty hook `AfterLastShipout' on input line 1424.

(C:\Users\athapoly\Dropbox\THESIS!!!!!\MScThesisAthanasios.aux
(C:\Users\athapoly\Dropbox\THESIS!!!!!\Introduction.aux)
(C:\Users\athapoly\Dropbox\THESIS!!!!!\Introduction.aux)
(C:\Users\athapoly\Dropbox\THESIS!!!!!\.aux)
(C:\Users\athapoly\Dropbox\THESIS!!!!!\.aux)
(C:\Users\athapoly\Dropbox\THESIS!!!!!\Evaluation.aux)
(C:\Users\athapoly\Dropbox\THESIS!!!!!\.aux))
Package atveryend Info: Empty hook `AtVeryEndDocument' on input line 1424.
Package atveryend Info: Empty hook `AtEndAfterFileList' on input line 1424.


LaTeX Warning: There were multiply-defined labels.

Package atveryend Info: Empty hook `AtVeryVeryEnd' on input line 1424.
 ) 
Here is how much of TeX's memory you used:
 11693 strings out of 429025
 165313 string characters out of 3166798
 246427 words of memory out of 3000000
 14774 multiletter control sequences out of 15000+200000
 31849 words of font info for 74 fonts, out of 3000000 for 9000
 912 hyphenation exceptions out of 8191
 43i,22n,45p,1088b,525s stack positions out of 5000i,500n,10000p,200000b,50000s

Output written on MScThesisAthanasios.pdf (69 pages).
