This is pdfTeX, Version 3.1415926-2.3-1.40.12 (MiKTeX 2.9) (preloaded format=pdftex 2013.1.15)  1 AUG 2013 22:33
entering extended mode
**C:/Users/thanasis/Desktop/DISS!!!!!/thesis.bib
(C:/Users/thanasis/Desktop/DISS!!!!!/thesis.bib
! Missing $ inserted.
<inserted text> 
                $
<to be read again> 
                   _
l.31  issue_
            date = {May 2000},
? 
! Emergency stop.
<inserted text> 
                $
<to be read again> 
                   _
l.31  issue_
            date = {May 2000},
End of file on the terminal!

!  ==> Fatal error occurred, no output PDF file produced!
